[1.428s] Invoking command in '/home/douae/ENIB/SEN/Projet_Robot/pyqt_ihm_ros2_ws/src/py_ihm': PYTHONPATH=/home/douae/ENIB/SEN/Projet_Robot/pyqt_ihm_ros2_ws/build/py_ihm/prefix_override:/home/douae/.local/lib/python3.10/site-packages/colcon_core/task/python/colcon_distutils_commands:/home/douae/ENIB/SEN/Projet_Robot/pyqt_ihm_ros2_ws/install/py_ihm/lib/python3.10/site-packages:${PYTHONPATH} /usr/bin/python3 -W ignore:setup.py install is deprecated setup.py egg_info --egg-base ../../build/py_ihm build --build-base /home/douae/ENIB/SEN/Projet_Robot/pyqt_ihm_ros2_ws/build/py_ihm/build install --record /home/douae/ENIB/SEN/Projet_Robot/pyqt_ihm_ros2_ws/build/py_ihm/install.log --single-version-externally-managed install_data
[1.708s] /home/douae/.local/lib/python3.10/site-packages/setuptools/_distutils/dist.py:261: UserWarning: Unknown distribution option: 'tests_require'
[1.709s]   warnings.warn(msg)
[1.901s] running egg_info
[1.933s] writing ../../build/py_ihm/py_ihm.egg-info/PKG-INFO
[1.933s] writing dependency_links to ../../build/py_ihm/py_ihm.egg-info/dependency_links.txt
[1.934s] writing entry points to ../../build/py_ihm/py_ihm.egg-info/entry_points.txt
[1.935s] writing requirements to ../../build/py_ihm/py_ihm.egg-info/requires.txt
[1.935s] writing top-level names to ../../build/py_ihm/py_ihm.egg-info/top_level.txt
[2.002s] reading manifest file '../../build/py_ihm/py_ihm.egg-info/SOURCES.txt'
[2.005s] writing manifest file '../../build/py_ihm/py_ihm.egg-info/SOURCES.txt'
[2.005s] running build
[2.006s] running build_py
[2.006s] copying py_ihm/py_ihm.py -> /home/douae/ENIB/SEN/Projet_Robot/pyqt_ihm_ros2_ws/build/py_ihm/build/lib/py_ihm
[2.007s] running install
[2.016s] running install_lib
[2.048s] copying /home/douae/ENIB/SEN/Projet_Robot/pyqt_ihm_ros2_ws/build/py_ihm/build/lib/py_ihm/py_ihm.py -> /home/douae/ENIB/SEN/Projet_Robot/pyqt_ihm_ros2_ws/install/py_ihm/lib/python3.10/site-packages/py_ihm
[2.050s] byte-compiling /home/douae/ENIB/SEN/Projet_Robot/pyqt_ihm_ros2_ws/install/py_ihm/lib/python3.10/site-packages/py_ihm/py_ihm.py to py_ihm.cpython-310.pyc
[2.054s] running install_data
[2.055s] running install_egg_info
[2.089s] removing '/home/douae/ENIB/SEN/Projet_Robot/pyqt_ihm_ros2_ws/install/py_ihm/lib/python3.10/site-packages/py_ihm-0.0.0-py3.10.egg-info' (and everything under it)
[2.090s] Copying ../../build/py_ihm/py_ihm.egg-info to /home/douae/ENIB/SEN/Projet_Robot/pyqt_ihm_ros2_ws/install/py_ihm/lib/python3.10/site-packages/py_ihm-0.0.0-py3.10.egg-info
[2.092s] running install_scripts
[2.326s] Installing ihm_ros2 script to /home/douae/ENIB/SEN/Projet_Robot/pyqt_ihm_ros2_ws/install/py_ihm/lib/py_ihm
[2.327s] writing list of installed files to '/home/douae/ENIB/SEN/Projet_Robot/pyqt_ihm_ros2_ws/build/py_ihm/install.log'
[2.398s] Invoked command in '/home/douae/ENIB/SEN/Projet_Robot/pyqt_ihm_ros2_ws/src/py_ihm' returned '0': PYTHONPATH=/home/douae/ENIB/SEN/Projet_Robot/pyqt_ihm_ros2_ws/build/py_ihm/prefix_override:/home/douae/.local/lib/python3.10/site-packages/colcon_core/task/python/colcon_distutils_commands:/home/douae/ENIB/SEN/Projet_Robot/pyqt_ihm_ros2_ws/install/py_ihm/lib/python3.10/site-packages:${PYTHONPATH} /usr/bin/python3 -W ignore:setup.py install is deprecated setup.py egg_info --egg-base ../../build/py_ihm build --build-base /home/douae/ENIB/SEN/Projet_Robot/pyqt_ihm_ros2_ws/build/py_ihm/build install --record /home/douae/ENIB/SEN/Projet_Robot/pyqt_ihm_ros2_ws/build/py_ihm/install.log --single-version-externally-managed install_data
