[1.418s] Invoking command in '/home/douae/ENIB/SEN/Projet_Robot/pyqt_ihm_ros2_ws/src/py_ihm': PYTHONPATH=/home/douae/ENIB/SEN/Projet_Robot/pyqt_ihm_ros2_ws/build/py_ihm/prefix_override:/home/douae/.local/lib/python3.10/site-packages/colcon_core/task/python/colcon_distutils_commands:/home/douae/ENIB/SEN/Projet_Robot/pyqt_ihm_ros2_ws/install/py_ihm/lib/python3.10/site-packages:${PYTHONPATH} /usr/bin/python3 -W ignore:setup.py install is deprecated setup.py egg_info --egg-base ../../build/py_ihm build --build-base /home/douae/ENIB/SEN/Projet_Robot/pyqt_ihm_ros2_ws/build/py_ihm/build install --record /home/douae/ENIB/SEN/Projet_Robot/pyqt_ihm_ros2_ws/build/py_ihm/install.log --single-version-externally-managed install_data
[1.696s] /home/douae/.local/lib/python3.10/site-packages/setuptools/_distutils/dist.py:261: UserWarning: Unknown distribution option: 'tests_require'
[1.696s]   warnings.warn(msg)
[1.892s] running egg_info
[1.923s] writing ../../build/py_ihm/py_ihm.egg-info/PKG-INFO
[1.924s] writing dependency_links to ../../build/py_ihm/py_ihm.egg-info/dependency_links.txt
[1.924s] writing entry points to ../../build/py_ihm/py_ihm.egg-info/entry_points.txt
[1.925s] writing requirements to ../../build/py_ihm/py_ihm.egg-info/requires.txt
[1.925s] writing top-level names to ../../build/py_ihm/py_ihm.egg-info/top_level.txt
[1.991s] reading manifest file '../../build/py_ihm/py_ihm.egg-info/SOURCES.txt'
[1.993s] writing manifest file '../../build/py_ihm/py_ihm.egg-info/SOURCES.txt'
[1.994s] running build
[1.994s] running build_py
[1.994s] copying py_ihm/py_ihm.py -> /home/douae/ENIB/SEN/Projet_Robot/pyqt_ihm_ros2_ws/build/py_ihm/build/lib/py_ihm
[1.995s] running install
[2.004s] running install_lib
[2.036s] copying /home/douae/ENIB/SEN/Projet_Robot/pyqt_ihm_ros2_ws/build/py_ihm/build/lib/py_ihm/py_ihm.py -> /home/douae/ENIB/SEN/Projet_Robot/pyqt_ihm_ros2_ws/install/py_ihm/lib/python3.10/site-packages/py_ihm
[2.037s] byte-compiling /home/douae/ENIB/SEN/Projet_Robot/pyqt_ihm_ros2_ws/install/py_ihm/lib/python3.10/site-packages/py_ihm/py_ihm.py to py_ihm.cpython-310.pyc
[2.041s] running install_data
[2.042s] running install_egg_info
[2.075s] removing '/home/douae/ENIB/SEN/Projet_Robot/pyqt_ihm_ros2_ws/install/py_ihm/lib/python3.10/site-packages/py_ihm-0.0.0-py3.10.egg-info' (and everything under it)
[2.076s] Copying ../../build/py_ihm/py_ihm.egg-info to /home/douae/ENIB/SEN/Projet_Robot/pyqt_ihm_ros2_ws/install/py_ihm/lib/python3.10/site-packages/py_ihm-0.0.0-py3.10.egg-info
[2.078s] running install_scripts
[2.311s] Installing ihm_ros2 script to /home/douae/ENIB/SEN/Projet_Robot/pyqt_ihm_ros2_ws/install/py_ihm/lib/py_ihm
[2.312s] writing list of installed files to '/home/douae/ENIB/SEN/Projet_Robot/pyqt_ihm_ros2_ws/build/py_ihm/install.log'
[2.383s] Invoked command in '/home/douae/ENIB/SEN/Projet_Robot/pyqt_ihm_ros2_ws/src/py_ihm' returned '0': PYTHONPATH=/home/douae/ENIB/SEN/Projet_Robot/pyqt_ihm_ros2_ws/build/py_ihm/prefix_override:/home/douae/.local/lib/python3.10/site-packages/colcon_core/task/python/colcon_distutils_commands:/home/douae/ENIB/SEN/Projet_Robot/pyqt_ihm_ros2_ws/install/py_ihm/lib/python3.10/site-packages:${PYTHONPATH} /usr/bin/python3 -W ignore:setup.py install is deprecated setup.py egg_info --egg-base ../../build/py_ihm build --build-base /home/douae/ENIB/SEN/Projet_Robot/pyqt_ihm_ros2_ws/build/py_ihm/build install --record /home/douae/ENIB/SEN/Projet_Robot/pyqt_ihm_ros2_ws/build/py_ihm/install.log --single-version-externally-managed install_data
